#
# There is insufficient memory for the Java Runtime Environment to continue.
# Native memory allocation (malloc) failed to allocate 84048 bytes for Chunk::new
# Possible reasons:
#   The system is out of physical RAM or swap space
#   In 32 bit mode, the process size limit was hit
# Possible solutions:
#   Reduce memory load on the system
#   Increase physical memory or swap space
#   Check if swap backing store is full
#   Use 64 bit Java on a 64 bit OS
#   Decrease Java heap size (-Xmx/-Xms)
#   Decrease number of Java threads
#   Decrease Java thread stack sizes (-Xss)
#   Set larger code cache with -XX:ReservedCodeCacheSize=
# This output file may be truncated or incomplete.
#
#  Out of Memory Error (allocation.cpp:390), pid=4012, tid=16992
#
# JRE version: Java(TM) SE Runtime Environment (8.0_65-b17) (build 1.8.0_65-b17)
# Java VM: Java HotSpot(TM) 64-Bit Server VM (25.65-b01 mixed mode windows-amd64 compressed oops)
# Failed to write core dump. Minidumps are not enabled by default on client versions of Windows
#

---------------  T H R E A D  ---------------

Current thread (0x000000005561b000):  JavaThread "C2 CompilerThread1" daemon [_thread_in_native, id=16992, stack(0x0000000056eb0000,0x0000000056fb0000)]

Stack: [0x0000000056eb0000,0x0000000056fb0000]
[error occurred during error reporting (printing stack bounds), id 0xc0000005]

Native frames: (J=compiled Java code, j=interpreted, Vv=VM code, C=native code)


Current CompileTask:
C2:    468  155       4       java.lang.String::replace (127 bytes)


---------------  P R O C E S S  ---------------

Java Threads: ( => current thread )
  0x0000000057018000 JavaThread "Service Thread" daemon [_thread_blocked, id=10664, stack(0x0000000057610000,0x0000000057710000)]
  0x000000005561c000 JavaThread "C1 CompilerThread2" daemon [_thread_blocked, id=9096, stack(0x00000000574e0000,0x00000000575e0000)]
=>0x000000005561b000 JavaThread "C2 CompilerThread1" daemon [_thread_in_native, id=16992, stack(0x0000000056eb0000,0x0000000056fb0000)]
  0x0000000055616800 JavaThread "C2 CompilerThread0" daemon [_thread_in_native, id=17256, stack(0x0000000056d30000,0x0000000056e30000)]
  0x0000000055612000 JavaThread "Attach Listener" daemon [_thread_blocked, id=2136, stack(0x0000000056bb0000,0x0000000056cb0000)]
  0x0000000055610800 JavaThread "Signal Dispatcher" daemon [_thread_blocked, id=11740, stack(0x00000000569d0000,0x0000000056ad0000)]
  0x00000000555b1800 JavaThread "Finalizer" daemon [_thread_blocked, id=14264, stack(0x00000000567c0000,0x00000000568c0000)]
  0x00000000555b0000 JavaThread "Reference Handler" daemon [_thread_blocked, id=16544, stack(0x00000000566b0000,0x00000000567b0000)]
  0x000000000269e000 JavaThread "main" [_thread_in_Java, id=14476, stack(0x00000000027f0000,0x00000000028f0000)]

Other Threads:
  0x00000000555aa800 VMThread [stack: 0x0000000056430000,0x0000000056530000] [id=2592]
  0x0000000057030800 WatcherThread [stack: 0x00000000565a0000,0x00000000566a0000] [id=17200]

VM state:not at safepoint (normal execution)

VM Mutex/Monitor currently owned by a thread: None

Heap:
 PSYoungGen      total 38400K, used 10653K [0x00000000eab00000, 0x00000000ed580000, 0x0000000100000000)
  eden space 33280K, 32% used [0x00000000eab00000,0x00000000eb567490,0x00000000ecb80000)
  from space 5120K, 0% used [0x00000000ed080000,0x00000000ed080000,0x00000000ed580000)
  to   space 5120K, 0% used [0x00000000ecb80000,0x00000000ecb80000,0x00000000ed080000)
 ParOldGen       total 87552K, used 0K [0x00000000c0000000, 0x00000000c5580000, 0x00000000eab00000)
  object space 87552K, 0% used [0x00000000c0000000,0x00000000c0000000,0x00000000c5580000)
 Metaspace       used 3413K, capacity 4720K, committed 4864K, reserved 1056768K
  class space    used 372K, capacity 424K, committed 512K, reserved 1048576K

Card table byte_map: [0x0000000011f80000,0x0000000012190000] byte_map_base: 0x0000000011980000

Marking Bits: (ParMarkBitMap*) 0x000000007035a5b0
 Begin Bits: [0x0000000012a20000, 0x0000000013a20000)
 End Bits:   [0x0000000013a20000, 0x0000000014a20000)

Polling page: 0x0000000001f30000

CodeCache: size=245760Kb used=1429Kb max_used=1442Kb free=244330Kb
 bounds [0x0000000002bc0000, 0x0000000002e30000, 0x0000000011bc0000]
 total_blobs=396 nmethods=152 adapters=157
 compilation: enabled

Compilation events (10 events):
Event: 0.449 Thread 0x000000005561c000 nmethod 149 0x0000000002d1ed10 code [0x0000000002d1ee80, 0x0000000002d1f188]
Event: 0.449 Thread 0x000000005561c000  150       3       com.android.dx.cf.direct.ClassPathOpener::access$000 (6 bytes)
Event: 0.449 Thread 0x000000005561c000 nmethod 150 0x0000000002d23310 code [0x0000000002d23480, 0x0000000002d235e8]
Event: 0.450 Thread 0x000000005561b000  151       4       java.util.regex.Pattern$BnM::optimize (179 bytes)
Event: 0.451 Thread 0x000000005561c000  153       3       com.android.dx.cf.direct.ClassPathOpener::compareClassNames (42 bytes)
Event: 0.451 Thread 0x000000005561c000 nmethod 153 0x0000000002d23690 code [0x0000000002d238e0, 0x0000000002d24508]
Event: 0.456 Thread 0x0000000055616800 nmethod 141% 0x0000000002d27c10 code [0x0000000002d27d80, 0x0000000002d28278]
Event: 0.456 Thread 0x0000000055616800  152       4       java.util.regex.Matcher::search (109 bytes)
Event: 0.461 Thread 0x000000005561b000 nmethod 151 0x0000000002d25c90 code [0x0000000002d25e00, 0x0000000002d263d8]
Event: 0.461 Thread 0x000000005561b000  155       4       java.lang.String::replace (127 bytes)

GC Heap History (0 events):
No events

Deoptimization events (0 events):
No events

Internal exceptions (2 events):
Event: 0.096 Thread 0x000000000269e000 Exception <a 'java/lang/NoSuchMethodError': Method sun.misc.Unsafe.defineClass(Ljava/lang/String;[BII)Ljava/lang/Class; name or signature does not match> (0x00000000eab0d5f8) thrown at [C:\workspace\8-2-build-windows-amd64-cygwin\jdk8u65\4987\hotspot\src\szj¡y¸?
Event: 0.096 Thread 0x000000000269e000 Exception <a 'java/lang/NoSuchMethodError': Method sun.misc.Unsafe.prefetchRead(Ljava/lang/Object;J)V name or signature does not match> (0x00000000eab0d8e0) thrown at [C:\workspace\8-2-build-windows-amd64-cygwin\jdk8u65\4987\hotspot\src\share\vm\prims\jni.

Events (10 events):
Event: 0.464 Thread 0x000000000269e000 DEOPT PACKING pc=0x0000000002ce54a6 sp=0x00000000028ee960
Event: 0.464 Thread 0x000000000269e000 DEOPT UNPACKING pc=0x0000000002c0787f sp=0x00000000028ee660 mode 0
Event: 0.465 Thread 0x000000000269e000 DEOPT PACKING pc=0x0000000002ce54a6 sp=0x00000000028ee960
Event: 0.465 Thread 0x000000000269e000 DEOPT UNPACKING pc=0x0000000002c0787f sp=0x00000000028ee660 mode 0
Event: 0.465 Thread 0x000000000269e000 DEOPT PACKING pc=0x0000000002ce54a6 sp=0x00000000028ee960
Event: 0.465 Thread 0x000000000269e000 DEOPT UNPACKING pc=0x0000000002c0787f sp=0x00000000028ee660 mode 0
Event: 0.466 Thread 0x000000000269e000 DEOPT PACKING pc=0x0000000002ce54a6 sp=0x00000000028ee850
Event: 0.466 Thread 0x000000000269e000 DEOPT UNPACKING pc=0x0000000002c0787f sp=0x00000000028ee550 mode 0
Event: 0.466 Thread 0x000000000269e000 DEOPT PACKING pc=0x0000000002ce54a6 sp=0x00000000028ee850
Event: 0.466 Thread 0x000000000269e000 DEOPT UNPACKING pc=0x0000000002c0787f sp=0x00000000028ee550 mode 0


Dynamic libraries:
0x000000013fbd0000 - 0x000000013fc07000 	C:\Program Files\Java\jdk1.8.0_65\bin\java.exe
0x0000000077660000 - 0x000000007780a000 	C:\windows\SYSTEM32\ntdll.dll
0x0000000077440000 - 0x000000007755f000 	C:\windows\system32\kernel32.dll
0x000007fefd4a0000 - 0x000007fefd50a000 	C:\windows\system32\KERNELBASE.dll
0x000007fefe4a0000 - 0x000007fefe57b000 	C:\windows\system32\ADVAPI32.dll
0x000007fefe3d0000 - 0x000007fefe46f000 	C:\windows\system32\msvcrt.dll
0x000007fefe3b0000 - 0x000007fefe3cf000 	C:\windows\SYSTEM32\sechost.dll
0x000007fefdae0000 - 0x000007fefdc0d000 	C:\windows\system32\RPCRT4.dll
0x0000000077560000 - 0x000000007765a000 	C:\windows\system32\USER32.dll
0x000007fefe700000 - 0x000007fefe767000 	C:\windows\system32\GDI32.dll
0x000007fefd7a0000 - 0x000007fefd7ae000 	C:\windows\system32\LPK.dll
0x000007fefd7b0000 - 0x000007fefd87a000 	C:\windows\system32\USP10.dll
0x000007fefb580000 - 0x000007fefb774000 	C:\windows\WinSxS\amd64_microsoft.windows.common-controls_6595b64144ccf1df_6.0.7601.18837_none_fa3b1e3d17594757\COMCTL32.dll
0x000007fefe580000 - 0x000007fefe5f1000 	C:\windows\system32\SHLWAPI.dll
0x000007fefe470000 - 0x000007fefe49e000 	C:\windows\system32\IMM32.DLL
0x000007fefe2a0000 - 0x000007fefe3a9000 	C:\windows\system32\MSCTF.dll
0x000007fef8c70000 - 0x000007fef8cec000 	C:\windows\system32\ctiuser.dll
0x000007fefd750000 - 0x000007fefd79d000 	C:\windows\system32\WS2_32.dll
0x000007fefdc10000 - 0x000007fefdc18000 	C:\windows\system32\NSI.dll
0x0000000077830000 - 0x0000000077837000 	C:\windows\system32\PSAPI.DLL
0x000007fefa730000 - 0x000007fefa739000 	C:\windows\system32\FLTLIB.DLL
0x000000005d590000 - 0x000000005d662000 	C:\Program Files\Java\jdk1.8.0_65\jre\bin\msvcr100.dll
0x000000006fb50000 - 0x00000000703d9000 	C:\Program Files\Java\jdk1.8.0_65\jre\bin\server\jvm.dll
0x000007fef9770000 - 0x000007fef9779000 	C:\windows\system32\WSOCK32.dll
0x000007fefab80000 - 0x000007fefabbb000 	C:\windows\system32\WINMM.dll
0x000007fefbd40000 - 0x000007fefbd4c000 	C:\windows\system32\VERSION.dll
0x0000000073330000 - 0x000000007333f000 	C:\Program Files\Java\jdk1.8.0_65\jre\bin\verify.dll
0x000000006dc30000 - 0x000000006dc59000 	C:\Program Files\Java\jdk1.8.0_65\jre\bin\java.dll
0x0000000001f60000 - 0x0000000001f76000 	C:\Program Files\Java\jdk1.8.0_65\jre\bin\zip.dll
0x000007fefe770000 - 0x000007feff4fa000 	C:\windows\system32\SHELL32.dll
0x000007fefdcc0000 - 0x000007fefdec3000 	C:\windows\system32\ole32.dll
0x000007fefd3a0000 - 0x000007fefd3af000 	C:\windows\system32\profapi.dll

VM Arguments:
jvm_args: -Djava.awt.headless=true -Xmx1024M -Dfile.encoding=windows-1252 -Duser.country=US -Duser.language=en -Duser.variant 
java_command: com.android.dx.command.Main --dex --num-threads=4 --output C:\Users\chad.yeo\Desktop\Inventory-App\app\build\intermediates\pre-dexed\debug\com.android.support-support-compat-25.2.0_3379d41f1311c4cb904ee2f87ccaa2dcdfa6f5a8.jar C:\Users\chad.yeo\Desktop\Inventory-App\app\build\intermediates\exploded-aar\com.android.support\support-compat\25.2.0\jars\classes.jar
java_class_path (initial): C:\Users\chad.yeo\AppData\Local\Android\sdk\build-tools\24.0.2\lib\dx.jar
Launcher Type: SUN_STANDARD

Environment Variables:
PATH=C:\ProgramData\Oracle\Java\javapath;C:\Program Files\Common Files\Microsoft Shared\Windows Live;C:\Program Files (x86)\Common Files\Microsoft Shared\Windows Live;C:\windows\system32;C:\windows;C:\windows\System32\Wbem;C:\windows\System32\WindowsPowerShell\v1.0\;C:\Program Files (x86)\QuickTime\QTSystem\;C:\Program Files\nodejs\;C:\Program Files (x86)\Windows Live\Shared;C:\HashiCorp\Vagrant\bin;C:\Users\chad.yeo\AppData\Local\Programs\Git\cmd;C:\Users\chad.yeo\AppData\Local\Programs\Git\mingw64\bin;C:\Users\chad.yeo\AppData\Local\Programs\Git\usr\bin;C:\Program Files (x86)\Skype\Phone\;C:\sqlite
USERNAME=chad.yeo
OS=Windows_NT
PROCESSOR_IDENTIFIER=Intel64 Family 6 Model 69 Stepping 1, GenuineIntel



---------------  S Y S T E M  ---------------

OS: Windows 7 , 64 bit Build 7601 (6.1.7601.23572)

CPU:total 4 (2 cores per cpu, 2 threads per core) family 6 model 69 stepping 1, cmov, cx8, fxsr, mmx, sse, sse2, sse3, ssse3, sse4.1, sse4.2, popcnt, avx, avx2, aes, clmul, erms, lzcnt, ht, tsc, tscinvbit, bmi1, bmi2

Memory: 4k page, physical 8301464k(444828k free), swap 12493908k(5148k free)

vm_info: Java HotSpot(TM) 64-Bit Server VM (25.65-b01) for windows-amd64 JRE (1.8.0_65-b17), built on Oct  6 2015 16:39:20 by "java_re" with MS VC++ 10.0 (VS2010)

time: Thu Mar 09 17:07:32 2017
elapsed time: 0 seconds (0d 0h 0m 0s)

