#
# There is insufficient memory for the Java Runtime Environment to continue.
# Native memory allocation (malloc) failed to allocate 1048576 bytes for AllocateHeap
# Possible reasons:
#   The system is out of physical RAM or swap space
#   In 32 bit mode, the process size limit was hit
# Possible solutions:
#   Reduce memory load on the system
#   Increase physical memory or swap space
#   Check if swap backing store is full
#   Use 64 bit Java on a 64 bit OS
#   Decrease Java heap size (-Xmx/-Xms)
#   Decrease number of Java threads
#   Decrease Java thread stack sizes (-Xss)
#   Set larger code cache with -XX:ReservedCodeCacheSize=
# This output file may be truncated or incomplete.
#
#  Out of Memory Error (memory/allocation.inline.hpp:61), pid=16864, tid=11652
#
# JRE version:  (8.0_65-b17) (build )
# Java VM: Java HotSpot(TM) 64-Bit Server VM (25.65-b01 mixed mode windows-amd64 compressed oops)
# Failed to write core dump. Minidumps are not enabled by default on client versions of Windows
#

---------------  T H R E A D  ---------------

Current thread (0x000000000279e000):  JavaThread "Unknown thread" [_thread_in_vm, id=11652, stack(0x0000000002970000,0x0000000002a70000)]

Stack: [0x0000000002970000,0x0000000002a70000]
[error occurred during error reporting (printing stack bounds), id 0xc0000005]

Native frames: (J=compiled Java code, j=interpreted, Vv=VM code, C=native code)


---------------  P R O C E S S  ---------------

Java Threads: ( => current thread )

Other Threads:

=>0x000000000279e000 (exited) JavaThread "Unknown thread" [_thread_in_vm, id=11652, stack(0x0000000002970000,0x0000000002a70000)]

VM state:not at safepoint (normal execution)

VM Mutex/Monitor currently owned by a thread: None

Heap:
 PSYoungGen      total 38400K, used 665K [0x00000000eab00000, 0x00000000ed580000, 0x0000000100000000)
  eden space 33280K, 2% used [0x00000000eab00000,0x00000000eaba6670,0x00000000ecb80000)
  from space 5120K, 0% used [0x00000000ed080000,0x00000000ed080000,0x00000000ed580000)
  to   space 5120K, 0% used [0x00000000ecb80000,0x00000000ecb80000,0x00000000ed080000)
 ParOldGen       total 87552K, used 0K [0x00000000c0000000, 0x00000000c5580000, 0x00000000eab00000)
  object space 87552K, 0% used [0x00000000c0000000,0x00000000c0000000,0x00000000c5580000)
 Metaspace       used 767K, capacity 4480K, committed 4480K, reserved 1056768K
  class space    used 75K, capacity 384K, committed 384K, reserved 1048576K

Card table byte_map: [0x0000000012100000,0x0000000012310000] byte_map_base: 0x0000000011b00000

Marking Bits: (ParMarkBitMap*) 0x000000007035a5b0
 Begin Bits: [0x0000000012910000, 0x0000000013910000)
 End Bits:   [0x0000000013910000, 0x0000000014910000)

Polling page: 0x0000000001f30000

CodeCache: size=245760Kb used=328Kb max_used=328Kb free=245431Kb
 bounds [0x0000000002d40000, 0x0000000002fb0000, 0x0000000011d40000]
 total_blobs=57 nmethods=0 adapters=37
 compilation: enabled

Compilation events (0 events):
No events

GC Heap History (0 events):
No events

Deoptimization events (0 events):
No events

Internal exceptions (0 events):
No events

Events (10 events):
Event: 0.038 loading class java/lang/Short
Event: 0.038 loading class java/lang/Short done
Event: 0.038 loading class java/lang/Integer
Event: 0.039 loading class java/lang/Integer done
Event: 0.039 loading class java/lang/Long
Event: 0.039 loading class java/lang/Long done
Event: 0.039 loading class java/lang/NullPointerException
Event: 0.039 loading class java/lang/NullPointerException done
Event: 0.039 loading class java/lang/ArithmeticException
Event: 0.039 loading class java/lang/ArithmeticException done


Dynamic libraries:
0x000000013fbd0000 - 0x000000013fc07000 	C:\Program Files\Java\jdk1.8.0_65\bin\java.exe
0x0000000077660000 - 0x000000007780a000 	C:\windows\SYSTEM32\ntdll.dll
0x0000000077440000 - 0x000000007755f000 	C:\windows\system32\kernel32.dll
0x000007fefd4a0000 - 0x000007fefd50a000 	C:\windows\system32\KERNELBASE.dll
0x000007fefe4a0000 - 0x000007fefe57b000 	C:\windows\system32\ADVAPI32.dll
0x000007fefe3d0000 - 0x000007fefe46f000 	C:\windows\system32\msvcrt.dll
0x000007fefe3b0000 - 0x000007fefe3cf000 	C:\windows\SYSTEM32\sechost.dll
0x000007fefdae0000 - 0x000007fefdc0d000 	C:\windows\system32\RPCRT4.dll
0x0000000077560000 - 0x000000007765a000 	C:\windows\system32\USER32.dll
0x000007fefe700000 - 0x000007fefe767000 	C:\windows\system32\GDI32.dll
0x000007fefd7a0000 - 0x000007fefd7ae000 	C:\windows\system32\LPK.dll
0x000007fefd7b0000 - 0x000007fefd87a000 	C:\windows\system32\USP10.dll
0x000007fefb580000 - 0x000007fefb774000 	C:\windows\WinSxS\amd64_microsoft.windows.common-controls_6595b64144ccf1df_6.0.7601.18837_none_fa3b1e3d17594757\COMCTL32.dll
0x000007fefe580000 - 0x000007fefe5f1000 	C:\windows\system32\SHLWAPI.dll
0x000007fefe470000 - 0x000007fefe49e000 	C:\windows\system32\IMM32.DLL
0x000007fefe2a0000 - 0x000007fefe3a9000 	C:\windows\system32\MSCTF.dll
0x000007fef8c70000 - 0x000007fef8cec000 	C:\windows\system32\ctiuser.dll
0x000007fefd750000 - 0x000007fefd79d000 	C:\windows\system32\WS2_32.dll
0x000007fefdc10000 - 0x000007fefdc18000 	C:\windows\system32\NSI.dll
0x0000000077830000 - 0x0000000077837000 	C:\windows\system32\PSAPI.DLL
0x000007fefa730000 - 0x000007fefa739000 	C:\windows\system32\FLTLIB.DLL
0x000000005d590000 - 0x000000005d662000 	C:\Program Files\Java\jdk1.8.0_65\jre\bin\msvcr100.dll
0x000000006fb50000 - 0x00000000703d9000 	C:\Program Files\Java\jdk1.8.0_65\jre\bin\server\jvm.dll
0x000007fef9770000 - 0x000007fef9779000 	C:\windows\system32\WSOCK32.dll
0x000007fefab80000 - 0x000007fefabbb000 	C:\windows\system32\WINMM.dll
0x000007fefbd40000 - 0x000007fefbd4c000 	C:\windows\system32\VERSION.dll
0x0000000073330000 - 0x000000007333f000 	C:\Program Files\Java\jdk1.8.0_65\jre\bin\verify.dll
0x000000006dc30000 - 0x000000006dc59000 	C:\Program Files\Java\jdk1.8.0_65\jre\bin\java.dll
0x0000000001f60000 - 0x0000000001f76000 	C:\Program Files\Java\jdk1.8.0_65\jre\bin\zip.dll

VM Arguments:
jvm_args: -Djava.awt.headless=true -Xmx1024M -Dfile.encoding=windows-1252 -Duser.country=US -Duser.language=en -Duser.variant 
java_command: com.android.dx.command.Main --dex --num-threads=4 --output C:\Users\chad.yeo\Desktop\Inventory-App\app\build\intermediates\pre-dexed\debug\com.android.support-design-25.2.0_0baf40926ab3cb7fa3bbc974dae2d76910888e57.jar C:\Users\chad.yeo\Desktop\Inventory-App\app\build\intermediates\exploded-aar\com.android.support\design\25.2.0\jars\classes.jar
java_class_path (initial): C:\Users\chad.yeo\AppData\Local\Android\sdk\build-tools\24.0.2\lib\dx.jar
Launcher Type: SUN_STANDARD

Environment Variables:
PATH=C:\ProgramData\Oracle\Java\javapath;C:\Program Files\Common Files\Microsoft Shared\Windows Live;C:\Program Files (x86)\Common Files\Microsoft Shared\Windows Live;C:\windows\system32;C:\windows;C:\windows\System32\Wbem;C:\windows\System32\WindowsPowerShell\v1.0\;C:\Program Files (x86)\QuickTime\QTSystem\;C:\Program Files\nodejs\;C:\Program Files (x86)\Windows Live\Shared;C:\HashiCorp\Vagrant\bin;C:\Users\chad.yeo\AppData\Local\Programs\Git\cmd;C:\Users\chad.yeo\AppData\Local\Programs\Git\mingw64\bin;C:\Users\chad.yeo\AppData\Local\Programs\Git\usr\bin;C:\Program Files (x86)\Skype\Phone\;C:\sqlite
USERNAME=chad.yeo
OS=Windows_NT
PROCESSOR_IDENTIFIER=Intel64 Family 6 Model 69 Stepping 1, GenuineIntel



---------------  S Y S T E M  ---------------

OS: Windows 7 , 64 bit Build 7601 (6.1.7601.23572)

CPU:total 4 (2 cores per cpu, 2 threads per core) family 6 model 69 stepping 1, cmov, cx8, fxsr, mmx, sse, sse2, sse3, ssse3, sse4.1, sse4.2, popcnt, avx, avx2, aes, clmul, erms, lzcnt, ht, tsc, tscinvbit, bmi1, bmi2

Memory: 4k page, physical 8301464k(328420k free), swap 12493908k(5288k free)

vm_info: Java HotSpot(TM) 64-Bit Server VM (25.65-b01) for windows-amd64 JRE (1.8.0_65-b17), built on Oct  6 2015 16:39:20 by "java_re" with MS VC++ 10.0 (VS2010)

time: Thu Mar 09 17:05:53 2017
elapsed time: 0 seconds (0d 0h 0m 0s)

